<?xml version="1.0" encoding="UTF-8"?>
<testsuite name="MaximumTest" tests="1" skipped="0" failures="0" errors="0" timestamp="2021-06-01T16:05:58" hostname="DESKTOP-3A5DM76" time="0.03">
  <properties/>
  <testcase name="givenFirstNumberAsLarge_Return_FirstNumberAsMax()" classname="MaximumTest" time="0.03"/>
  <system-out><![CDATA[]]></system-out>
  <system-err><![CDATA[]]></system-err>
</testsuite>
