<?xml version="1.0" encoding="UTF-8"?>
<testsuite name="MaximumTest" tests="3" skipped="0" failures="0" errors="0" timestamp="2021-06-01T11:36:13" hostname="DESKTOP-3A5DM76" time="0.049">
  <properties/>
  <testcase name="givenThirdNumberAsLarge_Return_ThirdNumberAsMax()" classname="MaximumTest" time="0.042"/>
  <testcase name="givenFirstNumberAsLarge_Return_FirstNumberAsMax()" classname="MaximumTest" time="0.001"/>
  <testcase name="givenSecondNumberAsLarge_Return_SecondNumberAsMax()" classname="MaximumTest" time="0.002"/>
  <system-out><![CDATA[]]></system-out>
  <system-err><![CDATA[]]></system-err>
</testsuite>
